This file contains any messages produced by compilers while
running configure, to aid debugging if configure makes a mistake.

It was created by configure, which was
generated by GNU Autoconf 2.69.  Invocation command line was

  $ ./configure --prefix /home/love/kaldi/kaldi-trunk/tools/extras/irstlm

## --------- ##
## Platform. ##
## --------- ##

hostname = quasar
uname -m = x86_64
uname -r = 4.1.6-1-ARCH
uname -s = Linux
uname -v = #1 SMP PREEMPT Mon Aug 17 08:52:28 CEST 2015

/usr/bin/uname -p = unknown
/bin/uname -X     = unknown

/bin/arch              = unknown
/usr/bin/arch -k       = unknown
/usr/convex/getsysinfo = unknown
/usr/bin/hostinfo      = unknown
/bin/machine           = unknown
/usr/bin/oslevel       = unknown
/bin/universe          = unknown

PATH: /usr/lib/hardening-wrapper/bin
PATH: /usr/local/sbin
PATH: /usr/local/bin
PATH: /usr/bin
PATH: /usr/bin/site_perl
PATH: /usr/bin/vendor_perl
PATH: /usr/bin/core_perl
PATH: /home/love/kaldi/kaldi-trunk/tools/


## ----------- ##
## Core tests. ##
## ----------- ##

configure:2428: checking for a BSD-compatible install
configure:2496: result: /usr/bin/install -c
configure:2507: checking whether build environment is sane
configure:2562: result: yes
configure:2713: checking for a thread-safe mkdir -p
configure:2752: result: /usr/bin/mkdir -p
configure:2759: checking for gawk
configure:2775: found /usr/bin/gawk
configure:2786: result: gawk
configure:2797: checking whether make sets $(MAKE)
configure:2819: result: yes
configure:2848: checking whether make supports nested variables
configure:2865: result: yes
configure:3054: checking for g++
configure:3070: found /usr/lib/hardening-wrapper/bin/g++
configure:3081: result: g++
configure:3108: checking for C++ compiler version
configure:3117: g++ --version >&5
g++ (GCC) 5.2.0
Copyright (C) 2015 Free Software Foundation, Inc.
This is free software; see the source for copying conditions.  There is NO
warranty; not even for MERCHANTABILITY or FITNESS FOR A PARTICULAR PURPOSE.

configure:3128: $? = 0
configure:3117: g++ -v >&5
Using built-in specs.
COLLECT_GCC=/usr/bin/g++
COLLECT_LTO_WRAPPER=/usr/lib/gcc/x86_64-unknown-linux-gnu/5.2.0/lto-wrapper
Target: x86_64-unknown-linux-gnu
Configured with: /build/gcc/src/gcc-5.2.0/configure --prefix=/usr --libdir=/usr/lib --libexecdir=/usr/lib --mandir=/usr/share/man --infodir=/usr/share/info --with-bugurl=https://bugs.archlinux.org/ --enable-languages=c,c++,ada,fortran,go,lto,objc,obj-c++ --enable-shared --enable-threads=posix --enable-libmpx --with-system-zlib --with-isl --enable-__cxa_atexit --disable-libunwind-exceptions --enable-clocale=gnu --disable-libstdcxx-pch --disable-libssp --enable-gnu-unique-object --enable-linker-build-id --enable-lto --enable-plugin --enable-install-libiberty --with-linker-hash-style=gnu --enable-gnu-indirect-function --disable-multilib --disable-werror --enable-checking=release --with-default-libstdcxx-abi=gcc4-compatible
Thread model: posix
gcc version 5.2.0 (GCC) 
configure:3128: $? = 0
configure:3117: g++ -V >&5
g++: error: unrecognized command line option '-V'
g++: fatal error: no input files
compilation terminated.
configure:3128: $? = 1
configure:3117: g++ -qversion >&5
g++: error: unrecognized command line option '-qversion'
g++: fatal error: no input files
compilation terminated.
configure:3128: $? = 1
configure:3148: checking whether the C++ compiler works
configure:3170: g++    conftest.cpp  >&5
configure:3174: $? = 0
configure:3222: result: yes
configure:3225: checking for C++ compiler default output file name
configure:3227: result: a.out
configure:3233: checking for suffix of executables
configure:3240: g++ -o conftest    conftest.cpp  >&5
configure:3244: $? = 0
configure:3266: result: 
configure:3288: checking whether we are cross compiling
configure:3296: g++ -o conftest    conftest.cpp  >&5
configure:3300: $? = 0
configure:3307: ./conftest
configure:3311: $? = 0
configure:3326: result: no
configure:3331: checking for suffix of object files
configure:3353: g++ -c   conftest.cpp >&5
configure:3357: $? = 0
configure:3378: result: o
configure:3382: checking whether we are using the GNU C++ compiler
configure:3401: g++ -c   conftest.cpp >&5
configure:3401: $? = 0
configure:3410: result: yes
configure:3419: checking whether g++ accepts -g
configure:3439: g++ -c -g  conftest.cpp >&5
configure:3439: $? = 0
configure:3480: result: yes
configure:3514: checking for style of include used by make
configure:3542: result: GNU
configure:3568: checking dependency style of g++
configure:3679: result: gcc3
configure:3699: checking how to run the C++ preprocessor
configure:3726: g++ -E  conftest.cpp
configure:3726: $? = 0
configure:3740: g++ -E  conftest.cpp
conftest.cpp:11:28: fatal error: ac_nonexistent.h: No such file or directory
compilation terminated.
configure:3740: $? = 1
configure: failed program was:
| /* confdefs.h */
| #define PACKAGE_NAME ""
| #define PACKAGE_TARNAME ""
| #define PACKAGE_VERSION ""
| #define PACKAGE_STRING ""
| #define PACKAGE_BUGREPORT ""
| #define PACKAGE_URL ""
| #define PACKAGE "irstlm"
| #define VERSION "5.70.03"
| /* end confdefs.h.  */
| #include <ac_nonexistent.h>
configure:3765: result: g++ -E
configure:3785: g++ -E  conftest.cpp
configure:3785: $? = 0
configure:3799: g++ -E  conftest.cpp
conftest.cpp:11:28: fatal error: ac_nonexistent.h: No such file or directory
compilation terminated.
configure:3799: $? = 1
configure: failed program was:
| /* confdefs.h */
| #define PACKAGE_NAME ""
| #define PACKAGE_TARNAME ""
| #define PACKAGE_VERSION ""
| #define PACKAGE_STRING ""
| #define PACKAGE_BUGREPORT ""
| #define PACKAGE_URL ""
| #define PACKAGE "irstlm"
| #define VERSION "5.70.03"
| /* end confdefs.h.  */
| #include <ac_nonexistent.h>
configure:3894: checking build system type
configure:3908: result: x86_64-unknown-linux-gnu
configure:3928: checking host system type
configure:3941: result: x86_64-unknown-linux-gnu
configure:3982: checking how to print strings
configure:4009: result: printf
configure:4078: checking for gcc
configure:4094: found /usr/lib/hardening-wrapper/bin/gcc
configure:4105: result: gcc
configure:4334: checking for C compiler version
configure:4343: gcc --version >&5
gcc (GCC) 5.2.0
Copyright (C) 2015 Free Software Foundation, Inc.
This is free software; see the source for copying conditions.  There is NO
warranty; not even for MERCHANTABILITY or FITNESS FOR A PARTICULAR PURPOSE.

configure:4354: $? = 0
configure:4343: gcc -v >&5
Using built-in specs.
COLLECT_GCC=/usr/bin/gcc
COLLECT_LTO_WRAPPER=/usr/lib/gcc/x86_64-unknown-linux-gnu/5.2.0/lto-wrapper
Target: x86_64-unknown-linux-gnu
Configured with: /build/gcc/src/gcc-5.2.0/configure --prefix=/usr --libdir=/usr/lib --libexecdir=/usr/lib --mandir=/usr/share/man --infodir=/usr/share/info --with-bugurl=https://bugs.archlinux.org/ --enable-languages=c,c++,ada,fortran,go,lto,objc,obj-c++ --enable-shared --enable-threads=posix --enable-libmpx --with-system-zlib --with-isl --enable-__cxa_atexit --disable-libunwind-exceptions --enable-clocale=gnu --disable-libstdcxx-pch --disable-libssp --enable-gnu-unique-object --enable-linker-build-id --enable-lto --enable-plugin --enable-install-libiberty --with-linker-hash-style=gnu --enable-gnu-indirect-function --disable-multilib --disable-werror --enable-checking=release --with-default-libstdcxx-abi=gcc4-compatible
Thread model: posix
gcc version 5.2.0 (GCC) 
configure:4354: $? = 0
configure:4343: gcc -V >&5
gcc: error: unrecognized command line option '-V'
gcc: fatal error: no input files
compilation terminated.
configure:4354: $? = 1
configure:4343: gcc -qversion >&5
gcc: error: unrecognized command line option '-qversion'
gcc: fatal error: no input files
compilation terminated.
configure:4354: $? = 1
configure:4358: checking whether we are using the GNU C compiler
configure:4377: gcc -c   conftest.c >&5
configure:4377: $? = 0
configure:4386: result: yes
configure:4395: checking whether gcc accepts -g
configure:4415: gcc -c -g  conftest.c >&5
configure:4415: $? = 0
configure:4456: result: yes
configure:4473: checking for gcc option to accept ISO C89
configure:4536: gcc  -c   conftest.c >&5
configure:4536: $? = 0
configure:4549: result: none needed
configure:4574: checking whether gcc understands -c and -o together
configure:4596: gcc -c conftest.c -o conftest2.o
configure:4599: $? = 0
configure:4596: gcc -c conftest.c -o conftest2.o
configure:4599: $? = 0
configure:4611: result: yes
configure:4630: checking dependency style of gcc
configure:4741: result: gcc3
configure:4756: checking for a sed that does not truncate output
configure:4820: result: /usr/bin/sed
configure:4838: checking for grep that handles long lines and -e
configure:4896: result: /usr/bin/grep
configure:4901: checking for egrep
configure:4963: result: /usr/bin/grep -E
configure:4968: checking for fgrep
configure:5030: result: /usr/bin/grep -F
configure:5065: checking for ld used by gcc
configure:5132: result: /usr/lib/hardening-wrapper/bin/ld
configure:5139: checking if the linker (/usr/lib/hardening-wrapper/bin/ld) is GNU ld
configure:5154: result: yes
configure:5166: checking for BSD- or MS-compatible name lister (nm)
configure:5220: result: /usr/bin/nm -B
configure:5350: checking the name lister (/usr/bin/nm -B) interface
configure:5357: g++ -c   conftest.cpp >&5
configure:5360: /usr/bin/nm -B "conftest.o"
configure:5363: output
0000000000000000 B some_variable
configure:5370: result: BSD nm
configure:5373: checking whether ln -s works
configure:5377: result: yes
configure:5385: checking the maximum length of command line arguments
configure:5516: result: 1572864
configure:5564: checking how to convert x86_64-unknown-linux-gnu file names to x86_64-unknown-linux-gnu format
configure:5604: result: func_convert_file_noop
configure:5611: checking how to convert x86_64-unknown-linux-gnu file names to toolchain format
configure:5631: result: func_convert_file_noop
configure:5638: checking for /usr/lib/hardening-wrapper/bin/ld option to reload object files
configure:5645: result: -r
configure:5719: checking for objdump
configure:5735: found /usr/bin/objdump
configure:5746: result: objdump
configure:5778: checking how to recognize dependent libraries
configure:5978: result: pass_all
configure:6063: checking for dlltool
configure:6093: result: no
configure:6123: checking how to associate runtime and link libraries
configure:6150: result: printf %s\n
configure:6211: checking for ar
configure:6227: found /usr/bin/ar
configure:6238: result: ar
configure:6275: checking for archiver @FILE support
configure:6292: g++ -c   conftest.cpp >&5
configure:6292: $? = 0
configure:6295: ar cru libconftest.a @conftest.lst >&5
ar: `u' modifier ignored since `D' is the default (see `U')
configure:6298: $? = 0
configure:6303: ar cru libconftest.a @conftest.lst >&5
ar: `u' modifier ignored since `D' is the default (see `U')
ar: conftest.o: No such file or directory
configure:6306: $? = 1
configure:6318: result: @
configure:6376: checking for strip
configure:6392: found /usr/bin/strip
configure:6403: result: strip
configure:6475: checking for ranlib
configure:6491: found /usr/bin/ranlib
configure:6502: result: ranlib
configure:6604: checking command to parse /usr/bin/nm -B output from gcc object
configure:6757: g++ -c   conftest.cpp >&5
configure:6760: $? = 0
configure:6764: /usr/bin/nm -B conftest.o \| sed -n -e 's/^.*[ ]\([ABCDGIRSTW][ABCDGIRSTW]*\)[ ][ ]*\([_A-Za-z][_A-Za-z0-9]*\)$/\1 \2 \2/p' | sed '/ __gnu_lto/d' \> conftest.nm
configure:6767: $? = 0
configure:6833: g++ -o conftest    conftest.cpp conftstm.o >&5
configure:6836: $? = 0
configure:6874: result: ok
configure:6921: checking for sysroot
configure:6951: result: no
configure:6958: checking for a working dd
configure:6996: result: /usr/bin/dd
configure:7000: checking how to truncate binary pipes
configure:7015: result: /usr/bin/dd bs=4096 count=1
configure:7152: g++ -c   conftest.cpp >&5
configure:7155: $? = 0
configure:7345: checking for mt
configure:7375: result: no
configure:7395: checking if : is a manifest tool
configure:7401: : '-?'
configure:7409: result: no
configure:8086: checking how to run the C preprocessor
configure:8117: gcc -E  conftest.c
configure:8117: $? = 0
configure:8131: gcc -E  conftest.c
conftest.c:11:28: fatal error: ac_nonexistent.h: No such file or directory
compilation terminated.
configure:8131: $? = 1
configure: failed program was:
| /* confdefs.h */
| #define PACKAGE_NAME ""
| #define PACKAGE_TARNAME ""
| #define PACKAGE_VERSION ""
| #define PACKAGE_STRING ""
| #define PACKAGE_BUGREPORT ""
| #define PACKAGE_URL ""
| #define PACKAGE "irstlm"
| #define VERSION "5.70.03"
| /* end confdefs.h.  */
| #include <ac_nonexistent.h>
configure:8156: result: gcc -E
configure:8176: gcc -E  conftest.c
configure:8176: $? = 0
configure:8190: gcc -E  conftest.c
conftest.c:11:28: fatal error: ac_nonexistent.h: No such file or directory
compilation terminated.
configure:8190: $? = 1
configure: failed program was:
| /* confdefs.h */
| #define PACKAGE_NAME ""
| #define PACKAGE_TARNAME ""
| #define PACKAGE_VERSION ""
| #define PACKAGE_STRING ""
| #define PACKAGE_BUGREPORT ""
| #define PACKAGE_URL ""
| #define PACKAGE "irstlm"
| #define VERSION "5.70.03"
| /* end confdefs.h.  */
| #include <ac_nonexistent.h>
configure:8219: checking for ANSI C header files
configure:8239: gcc -c   conftest.c >&5
configure:8239: $? = 0
configure:8312: gcc -o conftest    conftest.c  >&5
configure:8312: $? = 0
configure:8312: ./conftest
configure:8312: $? = 0
configure:8323: result: yes
configure:8336: checking for sys/types.h
configure:8336: gcc -c   conftest.c >&5
configure:8336: $? = 0
configure:8336: result: yes
configure:8336: checking for sys/stat.h
configure:8336: gcc -c   conftest.c >&5
configure:8336: $? = 0
configure:8336: result: yes
configure:8336: checking for stdlib.h
configure:8336: gcc -c   conftest.c >&5
configure:8336: $? = 0
configure:8336: result: yes
configure:8336: checking for string.h
configure:8336: gcc -c   conftest.c >&5
configure:8336: $? = 0
configure:8336: result: yes
configure:8336: checking for memory.h
configure:8336: gcc -c   conftest.c >&5
configure:8336: $? = 0
configure:8336: result: yes
configure:8336: checking for strings.h
configure:8336: gcc -c   conftest.c >&5
configure:8336: $? = 0
configure:8336: result: yes
configure:8336: checking for inttypes.h
configure:8336: gcc -c   conftest.c >&5
configure:8336: $? = 0
configure:8336: result: yes
configure:8336: checking for stdint.h
configure:8336: gcc -c   conftest.c >&5
configure:8336: $? = 0
configure:8336: result: yes
configure:8336: checking for unistd.h
configure:8336: gcc -c   conftest.c >&5
configure:8336: $? = 0
configure:8336: result: yes
configure:8350: checking for dlfcn.h
configure:8350: gcc -c   conftest.c >&5
configure:8350: $? = 0
configure:8350: result: yes
configure:8586: checking for objdir
configure:8601: result: .libs
configure:8865: checking if gcc supports -fno-rtti -fno-exceptions
configure:8883: gcc -c   -fno-rtti -fno-exceptions conftest.c >&5
cc1: warning: command line option '-fno-rtti' is valid for C++/ObjC++ but not for C
configure:8887: $? = 0
configure:8900: result: no
configure:9258: checking for gcc option to produce PIC
configure:9265: result: -fPIC -DPIC
configure:9273: checking if gcc PIC flag -fPIC -DPIC works
configure:9291: gcc -c   -fPIC -DPIC -DPIC conftest.c >&5
configure:9295: $? = 0
configure:9308: result: yes
configure:9337: checking if gcc static flag -static works
configure:9365: result: yes
configure:9380: checking if gcc supports -c -o file.o
configure:9401: gcc -c   -o out/conftest2.o conftest.c >&5
configure:9405: $? = 0
configure:9427: result: yes
configure:9435: checking if gcc supports -c -o file.o
configure:9482: result: yes
configure:9515: checking whether the gcc linker (/usr/lib/hardening-wrapper/bin/ld -m elf_x86_64) supports shared libraries
configure:10774: result: yes
configure:11014: checking dynamic linker characteristics
configure:11595: gcc -o conftest    -Wl,-rpath -Wl,/foo conftest.c  >&5
configure:11595: $? = 0
configure:11832: result: GNU/Linux ld.so
configure:11954: checking how to hardcode library paths into programs
configure:11979: result: immediate
configure:12527: checking whether stripping libraries is possible
configure:12532: result: yes
configure:12567: checking if libtool supports shared libraries
configure:12569: result: yes
configure:12572: checking whether to build shared libraries
configure:12597: result: no
configure:12600: checking whether to build static libraries
configure:12604: result: yes
configure:12627: checking how to run the C++ preprocessor
configure:12693: result: g++ -E
configure:12713: g++ -E  conftest.cpp
configure:12713: $? = 0
configure:12727: g++ -E  conftest.cpp
conftest.cpp:23:28: fatal error: ac_nonexistent.h: No such file or directory
compilation terminated.
configure:12727: $? = 1
configure: failed program was:
| /* confdefs.h */
| #define PACKAGE_NAME ""
| #define PACKAGE_TARNAME ""
| #define PACKAGE_VERSION ""
| #define PACKAGE_STRING ""
| #define PACKAGE_BUGREPORT ""
| #define PACKAGE_URL ""
| #define PACKAGE "irstlm"
| #define VERSION "5.70.03"
| #define STDC_HEADERS 1
| #define HAVE_SYS_TYPES_H 1
| #define HAVE_SYS_STAT_H 1
| #define HAVE_STDLIB_H 1
| #define HAVE_STRING_H 1
| #define HAVE_MEMORY_H 1
| #define HAVE_STRINGS_H 1
| #define HAVE_INTTYPES_H 1
| #define HAVE_STDINT_H 1
| #define HAVE_UNISTD_H 1
| #define HAVE_DLFCN_H 1
| #define LT_OBJDIR ".libs/"
| /* end confdefs.h.  */
| #include <ac_nonexistent.h>
configure:12889: checking for ld used by g++
configure:12956: result: /usr/lib/hardening-wrapper/bin/ld -m elf_x86_64
configure:12963: checking if the linker (/usr/lib/hardening-wrapper/bin/ld -m elf_x86_64) is GNU ld
configure:12978: result: yes
configure:13033: checking whether the g++ linker (/usr/lib/hardening-wrapper/bin/ld -m elf_x86_64) supports shared libraries
configure:14106: result: yes
configure:14142: g++ -c   conftest.cpp >&5
configure:14145: $? = 0
configure:14626: checking for g++ option to produce PIC
configure:14633: result: -fPIC -DPIC
configure:14641: checking if g++ PIC flag -fPIC -DPIC works
configure:14659: g++ -c   -fPIC -DPIC -DPIC conftest.cpp >&5
configure:14663: $? = 0
configure:14676: result: yes
configure:14699: checking if g++ static flag -static works
configure:14727: result: yes
configure:14739: checking if g++ supports -c -o file.o
configure:14760: g++ -c   -o out/conftest2.o conftest.cpp >&5
configure:14764: $? = 0
configure:14786: result: yes
configure:14791: checking if g++ supports -c -o file.o
configure:14838: result: yes
configure:14868: checking whether the g++ linker (/usr/lib/hardening-wrapper/bin/ld -m elf_x86_64) supports shared libraries
configure:14908: result: yes
configure:15049: checking dynamic linker characteristics
configure:15794: result: GNU/Linux ld.so
configure:15859: checking how to hardcode library paths into programs
configure:15884: result: immediate
configure:15991: checking for pdflatex
configure:16021: result: no
configure:16083: checking for bibtex
configure:16113: result: no
configure:16214: trace disabled (default), most regression tests will fail
configure:16224: generation of debugging symbols disabled (default), compilation without "-g", only "-O2"
configure:16235: profiling disabled (default)
configure:16246: train-caching disabled (default)
configure:16257: caching disabled (default)
configure:16268: interpolated search disabled (default)
configure:16279: optimization disabled (default)
configure:16283: Building non-threaded irstlm.
configure:16289: checking getopt.h usability
configure:16289: g++ -c   conftest.cpp >&5
configure:16289: $? = 0
configure:16289: result: yes
configure:16289: checking getopt.h presence
configure:16289: g++ -E  conftest.cpp
configure:16289: $? = 0
configure:16289: result: yes
configure:16289: checking for getopt.h
configure:16289: result: yes
configure:16433: checking that generated files are newer than configure
configure:16439: result: done
configure:16478: creating ./config.status

## ---------------------- ##
## Running config.status. ##
## ---------------------- ##

This file was extended by config.status, which was
generated by GNU Autoconf 2.69.  Invocation command line was

  CONFIG_FILES    = 
  CONFIG_HEADERS  = 
  CONFIG_LINKS    = 
  CONFIG_COMMANDS = 
  $ ./config.status 

on quasar

config.status:1156: creating Makefile
config.status:1156: creating src/Makefile
config.status:1156: creating scripts/Makefile
config.status:1156: creating config.h
config.status:1337: config.h is unchanged
config.status:1385: executing depfiles commands
config.status:1385: executing libtool commands
configure:18889: The software will be installed into /home/love/kaldi/kaldi-trunk/tools/extras/irstlm

## ---------------- ##
## Cache variables. ##
## ---------------- ##

ac_cv_build=x86_64-unknown-linux-gnu
ac_cv_c_compiler_gnu=yes
ac_cv_cxx_compiler_gnu=yes
ac_cv_env_CCC_set=
ac_cv_env_CCC_value=
ac_cv_env_CC_set=
ac_cv_env_CC_value=
ac_cv_env_CFLAGS_set=
ac_cv_env_CFLAGS_value=
ac_cv_env_CPPFLAGS_set=
ac_cv_env_CPPFLAGS_value=
ac_cv_env_CPP_set=
ac_cv_env_CPP_value=
ac_cv_env_CXXCPP_set=
ac_cv_env_CXXCPP_value=
ac_cv_env_CXXFLAGS_set=
ac_cv_env_CXXFLAGS_value=
ac_cv_env_CXX_set=
ac_cv_env_CXX_value=
ac_cv_env_LDFLAGS_set=
ac_cv_env_LDFLAGS_value=
ac_cv_env_LIBS_set=
ac_cv_env_LIBS_value=
ac_cv_env_LT_SYS_LIBRARY_PATH_set=
ac_cv_env_LT_SYS_LIBRARY_PATH_value=
ac_cv_env_build_alias_set=
ac_cv_env_build_alias_value=
ac_cv_env_host_alias_set=
ac_cv_env_host_alias_value=
ac_cv_env_target_alias_set=
ac_cv_env_target_alias_value=
ac_cv_header_dlfcn_h=yes
ac_cv_header_getopt_h=yes
ac_cv_header_inttypes_h=yes
ac_cv_header_memory_h=yes
ac_cv_header_stdc=yes
ac_cv_header_stdint_h=yes
ac_cv_header_stdlib_h=yes
ac_cv_header_string_h=yes
ac_cv_header_strings_h=yes
ac_cv_header_sys_stat_h=yes
ac_cv_header_sys_types_h=yes
ac_cv_header_unistd_h=yes
ac_cv_host=x86_64-unknown-linux-gnu
ac_cv_objext=o
ac_cv_path_EGREP='/usr/bin/grep -E'
ac_cv_path_FGREP='/usr/bin/grep -F'
ac_cv_path_GREP=/usr/bin/grep
ac_cv_path_SED=/usr/bin/sed
ac_cv_path_install='/usr/bin/install -c'
ac_cv_path_lt_DD=/usr/bin/dd
ac_cv_path_mkdir=/usr/bin/mkdir
ac_cv_prog_AWK=gawk
ac_cv_prog_CPP='gcc -E'
ac_cv_prog_CXXCPP='g++ -E'
ac_cv_prog_ac_ct_AR=ar
ac_cv_prog_ac_ct_CC=gcc
ac_cv_prog_ac_ct_CXX=g++
ac_cv_prog_ac_ct_OBJDUMP=objdump
ac_cv_prog_ac_ct_RANLIB=ranlib
ac_cv_prog_ac_ct_STRIP=strip
ac_cv_prog_cc_c89=
ac_cv_prog_cc_g=yes
ac_cv_prog_cxx_g=yes
ac_cv_prog_make_make_set=yes
am_cv_CC_dependencies_compiler_type=gcc3
am_cv_CXX_dependencies_compiler_type=gcc3
am_cv_make_support_nested_variables=yes
am_cv_prog_cc_c_o=yes
lt_cv_ar_at_file=@
lt_cv_deplibs_check_method=pass_all
lt_cv_file_magic_cmd='$MAGIC_CMD'
lt_cv_file_magic_test_file=
lt_cv_ld_reload_flag=-r
lt_cv_nm_interface='BSD nm'
lt_cv_objdir=.libs
lt_cv_path_LD=/usr/lib/hardening-wrapper/bin/ld
lt_cv_path_LDCXX='/usr/lib/hardening-wrapper/bin/ld -m elf_x86_64'
lt_cv_path_NM='/usr/bin/nm -B'
lt_cv_path_mainfest_tool=no
lt_cv_prog_compiler_c_o=yes
lt_cv_prog_compiler_c_o_CXX=yes
lt_cv_prog_compiler_pic='-fPIC -DPIC'
lt_cv_prog_compiler_pic_CXX='-fPIC -DPIC'
lt_cv_prog_compiler_pic_works=yes
lt_cv_prog_compiler_pic_works_CXX=yes
lt_cv_prog_compiler_rtti_exceptions=no
lt_cv_prog_compiler_static_works=yes
lt_cv_prog_compiler_static_works_CXX=yes
lt_cv_prog_gnu_ld=yes
lt_cv_prog_gnu_ldcxx=yes
lt_cv_sharedlib_from_linklib_cmd='printf %s\n'
lt_cv_shlibpath_overrides_runpath=no
lt_cv_sys_global_symbol_pipe='sed -n -e '\''s/^.*[	 ]\([ABCDGIRSTW][ABCDGIRSTW]*\)[	 ][	 ]*\([_A-Za-z][_A-Za-z0-9]*\)$/\1 \2 \2/p'\'' | sed '\''/ __gnu_lto/d'\'''
lt_cv_sys_global_symbol_to_c_name_address='sed -n -e '\''s/^: \(.*\) .*$/  {"\1", (void *) 0},/p'\'' -e '\''s/^[ABCDGIRSTW][ABCDGIRSTW]* .* \(.*\)$/  {"\1", (void *) \&\1},/p'\'''
lt_cv_sys_global_symbol_to_c_name_address_lib_prefix='sed -n -e '\''s/^: \(.*\) .*$/  {"\1", (void *) 0},/p'\'' -e '\''s/^[ABCDGIRSTW][ABCDGIRSTW]* .* \(lib.*\)$/  {"\1", (void *) \&\1},/p'\'' -e '\''s/^[ABCDGIRSTW][ABCDGIRSTW]* .* \(.*\)$/  {"lib\1", (void *) \&\1},/p'\'''
lt_cv_sys_global_symbol_to_cdecl='sed -n -e '\''s/^T .* \(.*\)$/extern int \1();/p'\'' -e '\''s/^[ABCDGIRSTW][ABCDGIRSTW]* .* \(.*\)$/extern char \1;/p'\'''
lt_cv_sys_global_symbol_to_import=
lt_cv_sys_max_cmd_len=1572864
lt_cv_to_host_file_cmd=func_convert_file_noop
lt_cv_to_tool_file_cmd=func_convert_file_noop
lt_cv_truncate_bin='/usr/bin/dd bs=4096 count=1'

## ----------------- ##
## Output variables. ##
## ----------------- ##

ACLOCAL='${SHELL} /home/love/kaldi/kaldi-trunk/tools/extras/irstlm/missing aclocal-1.15'
AMDEPBACKSLASH='\'
AMDEP_FALSE='#'
AMDEP_TRUE=''
AMTAR='$${TAR-tar}'
AM_BACKSLASH='\'
AM_DEFAULT_V='$(AM_DEFAULT_VERBOSITY)'
AM_DEFAULT_VERBOSITY='1'
AM_V='$(V)'
AR='ar'
AUTOCONF='${SHELL} /home/love/kaldi/kaldi-trunk/tools/extras/irstlm/missing autoconf'
AUTOHEADER='${SHELL} /home/love/kaldi/kaldi-trunk/tools/extras/irstlm/missing autoheader'
AUTOMAKE='${SHELL} /home/love/kaldi/kaldi-trunk/tools/extras/irstlm/missing automake-1.15'
AWK='gawk'
BIBTEX='no'
CC='gcc'
CCDEPMODE='depmode=gcc3'
CFLAGS=''
CPP='gcc -E'
CPPFLAGS=''
CXX='g++'
CXXCPP='g++ -E'
CXXDEPMODE='depmode=gcc3'
CXXFLAGS=''
CYGPATH_W='echo'
DEFS='-DHAVE_CONFIG_H'
DEPDIR='.deps'
DLLTOOL='false'
DSYMUTIL=''
DUMPBIN=''
ECHO_C=''
ECHO_N='-n'
ECHO_T=''
EGREP='/usr/bin/grep -E'
EXEEXT=''
FGREP='/usr/bin/grep -F'
GREP='/usr/bin/grep'
INSTALL_DATA='${INSTALL} -m 644'
INSTALL_PROGRAM='${INSTALL}'
INSTALL_SCRIPT='${INSTALL}'
INSTALL_STRIP_PROGRAM='$(install_sh) -c -s'
LD='/usr/lib/hardening-wrapper/bin/ld -m elf_x86_64'
LDFLAGS=''
LIBOBJS=''
LIBS=' -lz'
LIBTOOL='$(SHELL) $(top_builddir)/libtool'
LIPO=''
LN_S='ln -s'
LTLIBOBJS=''
LT_SYS_LIBRARY_PATH=''
MAKEINFO='${SHELL} /home/love/kaldi/kaldi-trunk/tools/extras/irstlm/missing makeinfo'
MANIFEST_TOOL=':'
MKDIR_P='/usr/bin/mkdir -p'
NM='/usr/bin/nm -B'
NMEDIT=''
OBJDUMP='objdump'
OBJEXT='o'
OTOOL64=''
OTOOL=''
PACKAGE='irstlm'
PACKAGE_BUGREPORT=''
PACKAGE_NAME=''
PACKAGE_STRING=''
PACKAGE_TARNAME=''
PACKAGE_URL=''
PACKAGE_VERSION=''
PATH_SEPARATOR=':'
PDFLATEX='no'
RANLIB='ranlib'
SED='/usr/bin/sed'
SET_MAKE=''
SHELL='/bin/sh'
STRIP='strip'
VERSION='5.70.03'
WITH_MERT_FALSE='#'
WITH_MERT_TRUE=''
WITH_THREADS_FALSE=''
WITH_THREADS_TRUE='#'
ac_ct_AR='ar'
ac_ct_CC='gcc'
ac_ct_CXX='g++'
ac_ct_DUMPBIN=''
am__EXEEXT_FALSE=''
am__EXEEXT_TRUE='#'
am__fastdepCC_FALSE=''
am__fastdepCC_TRUE='#'
am__fastdepCXX_FALSE='#'
am__fastdepCXX_TRUE=''
am__include='include'
am__isrc=''
am__leading_dot='.'
am__nodep='_no'
am__quote=''
am__tar='$${TAR-tar} chof - "$$tardir"'
am__untar='$${TAR-tar} xf -'
bindir='${exec_prefix}/bin'
build='x86_64-unknown-linux-gnu'
build_alias=''
build_cpu='x86_64'
build_os='linux-gnu'
build_vendor='unknown'
datadir='${datarootdir}'
datarootdir='${prefix}/share'
docdir='${datarootdir}/doc/${PACKAGE}'
dvidir='${docdir}'
exec_prefix='${prefix}'
host='x86_64-unknown-linux-gnu'
host_alias=''
host_cpu='x86_64'
host_os='linux-gnu'
host_vendor='unknown'
htmldir='${docdir}'
includedir='${prefix}/include'
infodir='${datarootdir}/info'
install_sh='${SHELL} /home/love/kaldi/kaldi-trunk/tools/extras/irstlm/install-sh'
libdir='${exec_prefix}/lib'
libexecdir='${exec_prefix}/libexec'
localedir='${datarootdir}/locale'
localstatedir='${prefix}/var'
mandir='${datarootdir}/man'
mkdir_p='$(MKDIR_P)'
oldincludedir='/usr/include'
pdfdir='${docdir}'
prefix='/home/love/kaldi/kaldi-trunk/tools/extras/irstlm'
program_transform_name='s,x,x,'
psdir='${docdir}'
sbindir='${exec_prefix}/sbin'
sharedstatedir='${prefix}/com'
sysconfdir='${prefix}/etc'
target_alias=''
transform='s/_lm/-lm/'

## ----------- ##
## confdefs.h. ##
## ----------- ##

/* confdefs.h */
#define PACKAGE_NAME ""
#define PACKAGE_TARNAME ""
#define PACKAGE_VERSION ""
#define PACKAGE_STRING ""
#define PACKAGE_BUGREPORT ""
#define PACKAGE_URL ""
#define PACKAGE "irstlm"
#define VERSION "5.70.03"
#define STDC_HEADERS 1
#define HAVE_SYS_TYPES_H 1
#define HAVE_SYS_STAT_H 1
#define HAVE_STDLIB_H 1
#define HAVE_STRING_H 1
#define HAVE_MEMORY_H 1
#define HAVE_STRINGS_H 1
#define HAVE_INTTYPES_H 1
#define HAVE_STDINT_H 1
#define HAVE_UNISTD_H 1
#define HAVE_DLFCN_H 1
#define LT_OBJDIR ".libs/"
#define HAVE_GETOPT_H 1

configure: exit 0
